Arguments: 
  C:\Program Files\nodejs\node.exe C:\Program Files (x86)\Yarn\bin\yarn.js install

PATH: 
  C:\Python27;C:\ProgramData\Oracle\Java\javapath;C:\WINDOWS\system32;C:\WINDOWS;C:\WINDOWS\System32\Wbem;C:\WINDOWS\System32\WindowsPowerShell\v1.0\;C:\Program Files (x86)\WebEx\Productivity Tools;C:\Program Files\Amazon\AWSCLI\;C:\Program Files\TortoiseSVN\bin;C:\Program Files (x86)\Microsoft SQL Server\100\Tools\Binn\;C:\Program Files\Microsoft SQL Server\100\Tools\Binn\;C:\Program Files\Microsoft SQL Server\100\DTS\Binn\;C:\Program Files (x86)\PuTTY\;C:\Program Files\Cloud Foundry;D:\Program Files\MySQL\MySQL Server 5.5\bin;D:\Program Files\Go\bin;C:\Program Files (x86)\Brackets\command;C:\Program Files (x86)\MSBuild\14.0\Bin;C:\ProgramData\chocolatey\bin;C:\Program Files (x86)\Intel\Intel(R) Management Engine Components\DAL;C:\Program Files\Intel\Intel(R) Management Engine Components\DAL;C:\Program Files (x86)\Intel\Intel(R) Management Engine Components\IPT;C:\Program Files\Intel\Intel(R) Management Engine Components\IPT;C:\Program Files\Intel\WiFi\bin\;C:\Program Files\Common Files\Intel\WirelessCommon\;C:\Program Files\dotnet\;C:\Program Files\Microsoft SQL Server\130\Tools\Binn\;C:\Program Files\nodejs\;C:\Program Files (x86)\Yarn\bin;C:\Users\pr293504\AppData\Local\Microsoft\WindowsApps;D:\discs\e\e\PUSHKAR\jdk\jdk1.8.0_20.zip\jdk1.8.0_20;C:\Users\pr293504\AppData\Local\Programs\Git\cmd;D:\atom\bin;D:\EMR\apache-maven-3.5.2\bin;C:\Program Files (x86)\Microsoft VS Code\bin;C:\Users\pr293504\AppData\Local\now-cli;C:\Users\pr293504\AppData\Local\GitHubDesktop\bin;C:\Users\pr293504\AppData\Local\Microsoft\WindowsApps;C:\Program Files\Intel\WiFi\bin\;C:\Program Files\Common Files\Intel\WirelessCommon\;D:\discs\e\e\android-sdks\platform-tools;D:\discs\e\e\android-sdks\tools;C:\Users\pr293504\AppData\Roaming\npm;C:\Users\pr293504\AppData\Local\Yarn\bin;C:\Users\pr293504\AppData\Local\.meteor;

Yarn version: 
  1.3.2

Node version: 
  9.6.1

Platform: 
  win32 x64

npm manifest: 
  {
    "name": "angular-src",
    "version": "0.0.0",
    "license": "MIT",
    "scripts": {
      "ng": "ng",
      "start": "ng serve",
      "build": "ng build --prod",
      "test": "ng test",
      "lint": "ng lint",
      "e2e": "ng e2e"
    },
    "private": true,
    "dependencies": {
      "@angular/animations": "^5.2.0",
      "@angular/common": "^5.2.0",
      "@angular/compiler": "^5.2.0",
      "@angular/core": "^5.2.0",
      "@angular/forms": "^5.2.0",
      "@angular/http": "^5.2.0",
      "@angular/platform-browser": "^5.2.0",
      "@angular/platform-browser-dynamic": "^5.2.0",
      "@angular/router": "^5.2.0",
      "core-js": "^2.4.1",
      "rxjs": "^5.5.6",
      "zone.js": "^0.8.19"
    },
    "devDependencies": {
      "@angular/cli": "1.6.7",
      "@angular/compiler-cli": "^5.2.0",
      "@angular/language-service": "^5.2.0",
      "@types/jasmine": "~2.8.3",
      "@types/jasminewd2": "~2.0.2",
      "@types/node": "~6.0.60",
      "codelyzer": "^4.0.1",
      "jasmine-core": "~2.8.0",
      "jasmine-spec-reporter": "~4.2.1",
      "karma": "~2.0.0",
      "karma-chrome-launcher": "~2.2.0",
      "karma-coverage-istanbul-reporter": "^1.2.1",
      "karma-jasmine": "~1.1.0",
      "karma-jasmine-html-reporter": "^0.2.2",
      "protractor": "~5.1.2",
      "ts-node": "~4.1.0",
      "tslint": "~5.9.1",
      "typescript": "~2.5.3"
    }
  }

yarn manifest: 
  No manifest

Lockfile: 
  No lockfile

Trace: 
  Error: https://registry.yarnpkg.com/@angular%2fanimations: tunneling socket could not be established, cause=getaddrinfo EAI_AGAIN proxy1.wipro.com:8080
      at ClientRequest.onError (C:\Program Files (x86)\Yarn\lib\cli.js:137335:17)
      at Object.onceWrapper (events.js:219:13)
      at ClientRequest.emit (events.js:127:13)
      at Socket.socketErrorListener (_http_client.js:394:9)
      at Socket.emit (events.js:127:13)
      at emitErrorNT (internal/streams/destroy.js:64:8)
      at process._tickCallback (internal/process/next_tick.js:152:19)
